Weights span          :  0.0        3.53083
Due to equivalences, %:    89.15278      0.59810
<dist/algn pos>, #pos :     1.38019          108
#3

#1
          d1jj2u_ d1k73w_ d1k8aw_ d1k9mw_ d1kc8w_ d1kd1w_ d1kqsu_ d1m1kw_ d1m90w_ d1n8rw_ d1njiw_ d1q7yw_#
    1       1 T     1 T     1 T     1 T     1 T     1 T     1 T     1 T     1 T     1 T     1 T     1 T   |                *        |    3.000
    2                                                                                                     |              *          |    2.740
    3       2 V     2 V     2 V     2 V     2 V     2 V     2 V     2 V     2 V     2 V     2 V     2 V   |          *              |    1.900
    4       3 L     3 L     3 L     3 L     3 L     3 L     3 L     3 L     3 L     3 L     3 L     3 L   |         *               |    1.678
    5       4 H     4 H     4 H     4 H     4 H     4 H     4 H     4 H     4 H     4 H     4 H     4 H   |        *                |    1.582
    6                                                                                                     |           *             |    2.058
    7       5 V     5 V     5 V     5 V     5 V     5 V     5 V     5 V     5 V     5 V     5 V     5 V   |      *                  |    1.261
    8       6 Q     6 Q     6 Q     6 Q     6 Q     6 Q     6 Q     6 Q     6 Q     6 Q     6 Q     6 Q   |        *                |    1.594
    9       7 E     7 E     7 E     7 E     7 E     7 E     7 E     7 E     7 E     7 E     7 E     7 E   |         *               |    1.738
   10       8 I     8 I     8 I     8 I     8 I     8 I     8 I     8 I     8 I     8 I     8 I     8 I   |      *                  |    1.206
   11       9 R     9 R     9 R     9 R     9 R     9 R     9 R     9 R     9 R     9 R     9 R     9 R   |       *                 |    1.460
   12      10 D    10 D    10 D    10 D    10 D    10 D    10 D    10 D    10 D    10 D    10 D    10 D   |              *          |    2.634
   13      11 M    11 M    11 M    11 M    11 M    11 M    11 M    11 M    11 M    11 M    11 M    11 M   |        *                |    1.595
   14      12 T    12 T    12 T    12 T    12 T    12 T    12 T    12 T    12 T    12 T    12 T    12 T   |       *                 |    1.338
   15                                                                                                     |           *             |    2.058
   16      13 P    13 P    13 P    13 P    13 P    13 P    13 P    13 P    13 P    13 P    13 P    13 P   |     *                   |    1.092
   17      14 A    14 A    14 A    14 A    14 A    14 A    14 A    14 A    14 A    14 A    14 A    14 A   |      *                  |    1.143
   18                                                                                                     |            *            |    2.404
   19                                                                                                     |          *              |    1.996
   20      15 E    15 E    15 E    15 E    15 E    15 E    15 E    15 E    15 E    15 E    15 E    15 E   |      *                  |    1.183
   21      16 R    16 R    16 R    16 R    16 R    16 R    16 R    16 R    16 R    16 R    16 R    16 R   |       *                 |    1.371
   22      17 E    17 E    17 E    17 E    17 E    17 E    17 E    17 E    17 E    17 E    17 E    17 E   |        *                |    1.594
   23      18 A    18 A    18 A    18 A    18 A    18 A    18 A    18 A    18 A    18 A    18 A    18 A   |       *                 |    1.398
   24      19 E    19 E    19 E    19 E    19 E    19 E    19 E    19 E    19 E    19 E    19 E    19 E   |      *                  |    1.274
   25      20 L    20 L    20 L    20 L    20 L    20 L    20 L    20 L    20 L    20 L    20 L    20 L   |      *                  |    1.167
   26                                                                                                     |              *          |    2.646
   27      21 D    21 D    21 D    21 D    21 D    21 D    21 D    21 D    21 D    21 D    21 D    21 D   |          *              |    1.958
   28      22 D    22 D    22 D    22 D    22 D    22 D    22 D    22 D    22 D    22 D    22 D    22 D   |      *                  |    1.290
   29      23 L    23 L    23 L    23 L    23 L    23 L    23 L    23 L    23 L    23 L    23 L    23 L   |     *                   |    0.981
   30      24 K    24 K    24 K    24 K    24 K    24 K    24 K    24 K    24 K    24 K    24 K    24 K   |     *                   |    1.081
   31      25 T    25 T    25 T    25 T    25 T    25 T    25 T    25 T    25 T    25 T    25 T    25 T   |      *                  |    1.227
   32                                                                                                     |             *           |    2.480
   33      26 E    26 E    26 E    26 E    26 E    26 E    26 E    26 E    26 E    26 E    26 E    26 E   |       *                 |    1.461
   34      27 L    27 L    27 L    27 L    27 L    27 L    27 L    27 L    27 L    27 L    27 L    27 L   |      *                  |    1.206
   35      28 L    28 L    28 L    28 L    28 L    28 L    28 L    28 L    28 L    28 L    28 L    28 L   |      *                  |    1.205
   36      29 N    29 N    29 N    29 N    29 N    29 N    29 N    29 N    29 N    29 N    29 N    29 N   |      *                  |    1.135
   37      30 A    30 A    30 A    30 A    30 A    30 A    30 A    30 A    30 A    30 A    30 A    30 A   |      *                  |    1.299
   38      31 R    31 R    31 R    31 R    31 R    31 R    31 R    31 R    31 R    31 R    31 R    31 R   |     *                   |    1.092
   39      32 A    32 A    32 A    32 A    32 A    32 A    32 A    32 A    32 A    32 A    32 A    32 A   |       *                 |    1.394
   40      33 V    33 V    33 V    33 V    33 V    33 V    33 V    33 V    33 V    33 V    33 V    33 V   |       *                 |    1.402
   41      34 Q    34 Q    34 Q    34 Q    34 Q    34 Q    34 Q    34 Q    34 Q    34 Q    34 Q    34 Q   |       *                 |    1.426
   42      35 A    35 A    35 A    35 A    35 A    35 A    35 A    35 A    35 A    35 A    35 A    35 A   |       *                 |    1.391
   43      36 A    36 A    36 A    36 A    36 A    36 A    36 A    36 A    36 A    36 A    36 A    36 A   |      *                  |    1.225
   44                                                                                                     |         *               |    1.743
   45      37 G    37 G    37 G    37 G    37 G    37 G    37 G    37 G    37 G    37 G    37 G    37 G   |      *                  |    1.213
   46                                                                                                     |          *              |    1.961
   47                                                                                                     |       *                 |    1.446
   48                                                                                                     |       *                 |    1.439
   49                                                                                                     |       *                 |    1.391
   50      38 G    38 G    38 G    38 G    38 G    38 G    38 G    38 G    38 G    38 G    38 G    38 G   |     *                   |    1.057
   51      39 A    39 A    39 A    39 A    39 A    39 A    39 A    39 A    39 A    39 A    39 A    39 A   |        *                |    1.527
   52      40 P    40 P    40 P    40 P    40 P    40 P    40 P    40 P    40 P    40 P    40 P    40 P   |      *                  |    1.168
   53      41 E    41 E    41 E    41 E    41 E    41 E    41 E    41 E    41 E    41 E    41 E    41 E   |       *                 |    1.324
   54                                                                                                     |          *              |    1.880
   55                                                                                                     |       *                 |    1.422
   56                                                                                                     |        *                |    1.494
   57                                                                                                     |        *                |    1.489
   58      42 N    42 N    42 N    42 N    42 N    42 N    42 N    42 N    42 N    42 N    42 N    42 N   |      *                  |    1.202
   59                                                                                                     |          *              |    1.934
   60                                                                                                     |       *                 |    1.436
   61                                                                                                     |       *                 |    1.363
   62                                                                                                     |       *                 |    1.366
   63      43 P    43 P    43 P    43 P    43 P    43 P    43 P    43 P    43 P    43 P    43 P    43 P   |             *           |    2.423
   64      44 G    44 G    44 G    44 G    44 G    44 G    44 G    44 G    44 G    44 G    44 G    44 G   |       *                 |    1.432
   65      45 R    45 R    45 R    45 R    45 R    45 R    45 R    45 R    45 R    45 R    45 R    45 R   |         *               |    1.751
   66      46 I    46 I    46 I    46 I    46 I    46 I    46 I    46 I    46 I    46 I    46 I    46 I   |       *                 |    1.303
   67      47 K    47 K    47 K    47 K    47 K    47 K    47 K    47 K    47 K    47 K    47 K    47 K   |      *                  |    1.206
   68      48 E    48 E    48 E    48 E    48 E    48 E    48 E    48 E    48 E    48 E    48 E    48 E   |        *                |    1.556
   69      49 L    49 L    49 L    49 L    49 L    49 L    49 L    49 L    49 L    49 L    49 L    49 L   |      *                  |    1.290
   70      50 R    50 R    50 R    50 R    50 R    50 R    50 R    50 R    50 R    50 R    50 R    50 R   |     *                   |    1.087
   71      51 K    51 K    51 K    51 K    51 K    51 K    51 K    51 K    51 K    51 K    51 K    51 K   |     *                   |    0.994
   72      52 A    52 A    52 A    52 A    52 A    52 A    52 A    52 A    52 A    52 A    52 A    52 A   |      *                  |    1.185
   73      53 I    53 I    53 I    53 I    53 I    53 I    53 I    53 I    53 I    53 I    53 I    53 I   |    *                    |    0.852
   74      54 A    54 A    54 A    54 A    54 A    54 A    54 A    54 A    54 A    54 A    54 A    54 A   |    *                    |    0.842
   75      55 R    55 R    55 R    55 R    55 R    55 R    55 R    55 R    55 R    55 R    55 R    55 R   |     *                   |    0.938
   76      56 I    56 I    56 I    56 I    56 I    56 I    56 I    56 I    56 I    56 I    56 I    56 I   |    *                    |    0.805
   77      57 K    57 K    57 K    57 K    57 K    57 K    57 K    57 K    57 K    57 K    57 K    57 K   |      *                  |    1.128
   78      58 T    58 T    58 T    58 T    58 T    58 T    58 T    58 T    58 T    58 T    58 T    58 T   |     *                   |    0.979
   79      59 I    59 I    59 I    59 I    59 I    59 I    59 I    59 I    59 I    59 I    59 I    59 I   |     *                   |    0.948
   80      60 Q    60 Q    60 Q    60 Q    60 Q    60 Q    60 Q    60 Q    60 Q    60 Q    60 Q    60 Q   |       *                 |    1.363
   81      61 G    61 G    61 G    61 G    61 G    61 G    61 G    61 G    61 G    61 G    61 G    61 G   |        *                |    1.528
   82      62 E    62 E    62 E    62 E    62 E    62 E    62 E    62 E    62 E    62 E    62 E    62 E   |      *                  |    1.180
   83      63 E    63 E    63 E    63 E    63 E    63 E    63 E    63 E    63 E    63 E    63 E    63 E   |                   *     |    3.531
   84      64 G    64 G    64 G    64 G    64 G    64 G    64 G    64 G    64 G    64 G    64 G    64 G   |        *                |    1.619
   85      65 D    65 D    65 D    65 D    65 D    65 D    65 D    65 D    65 D    65 D    65 D    65 D   |            *            |    2.249
   86                                                                                                     |      *                  |    1.196
   87                                                                                                     |      *                  |    1.200
   88                                                                                                     |      *                  |    1.131
   89                                                                                                     |      *                  |    1.126
   90                                                                                                     |     *                   |    1.096
   91                                                                                                     |     *                   |    1.070
   92                                                                                                     |     *                   |    1.078
   93                                                                                                     |     *                   |    1.080
   94                                                                                                     |     *                   |    1.080
   95                                                                                                     |     *                   |    1.054
   96                                                                                                     |     *                   |    1.055
   97                                                                                                     |     *                   |    1.052
   98                                                                                                     |     *                   |    1.056
   99                                                                                                     |     *                   |    1.049
  100                                                                                                     |     *                   |    1.048
  101                                                                                                     |     *                   |    1.060
  102                                                                                                     |     *                   |    1.059
  103                                                                                                     |     *                   |    1.044
  104                                                                                                     |     *                   |    1.053
  105                                                                                                     |     *                   |    1.028
  106                                                                                                     |     *                   |    1.019
  107                                                                                                     |     *                   |    1.019
  108                                                                                                     |                *        |    3.000
#2
#3

#1
          d1q81w_ d1q82w_ d1q86w_ d1qvfu_ d1qvgu_ d1s72v_ d1vq4v1 d1vq5v1 d1vq6v1 d1vq7v1 d1vq8v1 d1vq9v1#
    1       1 T     1 T     1 T     1 T     1 T     1 T     1 T     1 T     1 T     1 T     1 T     1 T   |                *        |    3.000
    2                                                                                                     |              *          |    2.740
    3       2 V     2 V     2 V     2 V     2 V     2 V     2 V     2 V     2 V     2 V     2 V     2 V   |          *              |    1.900
    4       3 L     3 L     3 L     3 L     3 L     3 L     3 L     3 L     3 L     3 L     3 L     3 L   |         *               |    1.678
    5       4 H     4 H     4 H     4 H     4 H     4 H     4 H     4 H     4 H     4 H     4 H     4 H   |        *                |    1.582
    6                                                                                                     |           *             |    2.058
    7       5 V     5 V     5 V     5 V     5 V     5 V     5 V     5 V     5 V     5 V     5 V     5 V   |      *                  |    1.261
    8       6 Q     6 Q     6 Q     6 Q     6 Q     6 Q     6 Q     6 Q     6 Q     6 Q     6 Q     6 Q   |        *                |    1.594
    9       7 E     7 E     7 E     7 E     7 E     7 E     7 E     7 E     7 E     7 E     7 E     7 E   |         *               |    1.738
   10       8 I     8 I     8 I     8 I     8 I     8 I     8 I     8 I     8 I     8 I     8 I     8 I   |      *                  |    1.206
   11       9 R     9 R     9 R     9 R     9 R     9 R     9 R     9 R     9 R     9 R     9 R     9 R   |       *                 |    1.460
   12      10 D    10 D    10 D    10 D    10 D    10 D    10 D    10 D    10 D    10 D    10 D    10 D   |              *          |    2.634
   13      11 M    11 M    11 M    11 M    11 M    11 M    11 M    11 M    11 M    11 M    11 M    11 M   |        *                |    1.595
   14      12 T    12 T    12 T    12 T    12 T    12 T    12 T    12 T    12 T    12 T    12 T    12 T   |       *                 |    1.338
   15                                                                                                     |           *             |    2.058
   16      13 P    13 P    13 P    13 P    13 P    13 P    13 P    13 P    13 P    13 P    13 P    13 P   |     *                   |    1.092
   17      14 A    14 A    14 A    14 A    14 A    14 A    14 A    14 A    14 A    14 A    14 A    14 A   |      *                  |    1.143
   18                                                                                                     |            *            |    2.404
   19                                                                                                     |          *              |    1.996
   20      15 E    15 E    15 E    15 E    15 E    15 E    15 E    15 E    15 E    15 E    15 E    15 E   |      *                  |    1.183
   21      16 R    16 R    16 R    16 R    16 R    16 R    16 R    16 R    16 R    16 R    16 R    16 R   |       *                 |    1.371
   22      17 E    17 E    17 E    17 E    17 E    17 E    17 E    17 E    17 E    17 E    17 E    17 E   |        *                |    1.594
   23      18 A    18 A    18 A    18 A    18 A    18 A    18 A    18 A    18 A    18 A    18 A    18 A   |       *                 |    1.398
   24      19 E    19 E    19 E    19 E    19 E    19 E    19 E    19 E    19 E    19 E    19 E    19 E   |      *                  |    1.274
   25      20 L    20 L    20 L    20 L    20 L    20 L    20 L    20 L    20 L    20 L    20 L    20 L   |      *                  |    1.167
   26                                                                                                     |              *          |    2.646
   27      21 D    21 D    21 D    21 D    21 D    21 D    21 D    21 D    21 D    21 D    21 D    21 D   |          *              |    1.958
   28      22 D    22 D    22 D    22 D    22 D    22 D    22 D    22 D    22 D    22 D    22 D    22 D   |      *                  |    1.290
   29      23 L    23 L    23 L    23 L    23 L    23 L    23 L    23 L    23 L    23 L    23 L    23 L   |     *                   |    0.981
   30      24 K    24 K    24 K    24 K    24 K    24 K    24 K    24 K    24 K    24 K    24 K    24 K   |     *                   |    1.081
   31      25 T    25 T    25 T    25 T    25 T    25 T    25 T    25 T    25 T    25 T    25 T    25 T   |      *                  |    1.227
   32                                                                                                     |             *           |    2.480
   33      26 E    26 E    26 E    26 E    26 E    26 E    26 E    26 E    26 E    26 E    26 E    26 E   |       *                 |    1.461
   34      27 L    27 L    27 L    27 L    27 L    27 L    27 L    27 L    27 L    27 L    27 L    27 L   |      *                  |    1.206
   35      28 L    28 L    28 L    28 L    28 L    28 L    28 L    28 L    28 L    28 L    28 L    28 L   |      *                  |    1.205
   36      29 N    29 N    29 N    29 N    29 N    29 N    29 N    29 N    29 N    29 N    29 N    29 N   |      *                  |    1.135
   37      30 A    30 A    30 A    30 A    30 A    30 A    30 A    30 A    30 A    30 A    30 A    30 A   |      *                  |    1.299
   38      31 R    31 R    31 R    31 R    31 R    31 R    31 R    31 R    31 R    31 R    31 R    31 R   |     *                   |    1.092
   39      32 A    32 A    32 A    32 A    32 A    32 A    32 A    32 A    32 A    32 A    32 A    32 A   |       *                 |    1.394
   40      33 V    33 V    33 V    33 V    33 V    33 V    33 V    33 V    33 V    33 V    33 V    33 V   |       *                 |    1.402
   41      34 Q    34 Q    34 Q    34 Q    34 Q    34 Q    34 Q    34 Q    34 Q    34 Q    34 Q    34 Q   |       *                 |    1.426
   42      35 A    35 A    35 A    35 A    35 A    35 A    35 A    35 A    35 A    35 A    35 A    35 A   |       *                 |    1.391
   43      36 A    36 A    36 A    36 A    36 A    36 A    36 A    36 A    36 A    36 A    36 A    36 A   |      *                  |    1.225
   44                                                                                                     |         *               |    1.743
   45      37 G    37 G    37 G    37 G    37 G    37 G    37 G    37 G    37 G    37 G    37 G    37 G   |      *                  |    1.213
   46                                                                                                     |          *              |    1.961
   47                                                                                                     |       *                 |    1.446
   48                                                                                                     |       *                 |    1.439
   49                                                                                                     |       *                 |    1.391
   50      38 G    38 G    38 G    38 G    38 G    38 G    38 G    38 G    38 G    38 G    38 G    38 G   |     *                   |    1.057
   51      39 A    39 A    39 A    39 A    39 A    39 A    39 A    39 A    39 A    39 A    39 A    39 A   |        *                |    1.527
   52      40 P    40 P    40 P    40 P    40 P    40 P    40 P    40 P    40 P    40 P    40 P    40 P   |      *                  |    1.168
   53      41 E    41 E    41 E    41 E    41 E    41 E    41 E    41 E    41 E    41 E    41 E    41 E   |       *                 |    1.324
   54                                                                                                     |          *              |    1.880
   55                                                                                                     |       *                 |    1.422
   56                                                                                                     |        *                |    1.494
   57                                                                                                     |        *                |    1.489
   58      42 N    42 N    42 N    42 N    42 N    42 N    42 N    42 N    42 N    42 N    42 N    42 N   |      *                  |    1.202
   59                                                                                                     |          *              |    1.934
   60                                                                                                     |       *                 |    1.436
   61                                                                                                     |       *                 |    1.363
   62                                                                                                     |       *                 |    1.366
   63      43 P    43 P    43 P    43 P    43 P    43 P    43 P    43 P    43 P    43 P    43 P    43 P   |             *           |    2.423
   64      44 G    44 G    44 G    44 G    44 G    44 G    44 G    44 G    44 G    44 G    44 G    44 G   |       *                 |    1.432
   65      45 R    45 R    45 R    45 R    45 R    45 R    45 R    45 R    45 R    45 R    45 R    45 R   |         *               |    1.751
   66      46 I    46 I    46 I    46 I    46 I    46 I    46 I    46 I    46 I    46 I    46 I    46 I   |       *                 |    1.303
   67      47 K    47 K    47 K    47 K    47 K    47 K    47 K    47 K    47 K    47 K    47 K    47 K   |      *                  |    1.206
   68      48 E    48 E    48 E    48 E    48 E    48 E    48 E    48 E    48 E    48 E    48 E    48 E   |        *                |    1.556
   69      49 L    49 L    49 L    49 L    49 L    49 L    49 L    49 L    49 L    49 L    49 L    49 L   |      *                  |    1.290
   70      50 R    50 R    50 R    50 R    50 R    50 R    50 R    50 R    50 R    50 R    50 R    50 R   |     *                   |    1.087
   71      51 K    51 K    51 K    51 K    51 K    51 K    51 K    51 K    51 K    51 K    51 K    51 K   |     *                   |    0.994
   72      52 A    52 A    52 A    52 A    52 A    52 A    52 A    52 A    52 A    52 A    52 A    52 A   |      *                  |    1.185
   73      53 I    53 I    53 I    53 I    53 I    53 I    53 I    53 I    53 I    53 I    53 I    53 I   |    *                    |    0.852
   74      54 A    54 A    54 A    54 A    54 A    54 A    54 A    54 A    54 A    54 A    54 A    54 A   |    *                    |    0.842
   75      55 R    55 R    55 R    55 R    55 R    55 R    55 R    55 R    55 R    55 R    55 R    55 R   |     *                   |    0.938
   76      56 I    56 I    56 I    56 I    56 I    56 I    56 I    56 I    56 I    56 I    56 I    56 I   |    *                    |    0.805
   77      57 K    57 K    57 K    57 K    57 K    57 K    57 K    57 K    57 K    57 K    57 K    57 K   |      *                  |    1.128
   78      58 T    58 T    58 T    58 T    58 T    58 T    58 T    58 T    58 T    58 T    58 T    58 T   |     *                   |    0.979
   79      59 I    59 I    59 I    59 I    59 I    59 I    59 I    59 I    59 I    59 I    59 I    59 I   |     *                   |    0.948
   80      60 Q    60 Q    60 Q    60 Q    60 Q    60 Q    60 Q    60 Q    60 Q    60 Q    60 Q    60 Q   |       *                 |    1.363
   81      61 G    61 G    61 G    61 G    61 G    61 G    61 G    61 G    61 G    61 G    61 G    61 G   |        *                |    1.528
   82      62 E    62 E    62 E    62 E    62 E    62 E    62 E    62 E    62 E    62 E    62 E    62 E   |      *                  |    1.180
   83      63 E    63 E    63 E    63 E    63 E    63 E    63 E    63 E    63 E    63 E    63 E    63 E   |                   *     |    3.531
   84      64 G    64 G    64 G    64 G    64 G    64 G    64 G    64 G    64 G    64 G    64 G    64 G   |        *                |    1.619
   85      65 D    65 D    65 D    65 D    65 D    65 D    65 D    65 D    65 D    65 D    65 D    65 D   |            *            |    2.249
   86                                                                                                     |      *                  |    1.196
   87                                                                                                     |      *                  |    1.200
   88                                                                                                     |      *                  |    1.131
   89                                                                                                     |      *                  |    1.126
   90                                                                                                     |     *                   |    1.096
   91                                                                                                     |     *                   |    1.070
   92                                                                                                     |     *                   |    1.078
   93                                                                                                     |     *                   |    1.080
   94                                                                                                     |     *                   |    1.080
   95                                                                                                     |     *                   |    1.054
   96                                                                                                     |     *                   |    1.055
   97                                                                                                     |     *                   |    1.052
   98                                                                                                     |     *                   |    1.056
   99                                                                                                     |     *                   |    1.049
  100                                                                                                     |     *                   |    1.048
  101                                                                                                     |     *                   |    1.060
  102                                                                                                     |     *                   |    1.059
  103                                                                                                     |     *                   |    1.044
  104                                                                                                     |     *                   |    1.053
  105                                                                                                     |     *                   |    1.028
  106                                                                                                     |     *                   |    1.019
  107                                                                                                     |     *                   |    1.019
  108                                                                                                     |                *        |    3.000
#2
#3

#1
          d1vqkv1 d1vqlv1 d1vqmv1 d1vqnv1 d1vqov1 d1vqpv1 d1vs6x1 d1vs8x1 d1yhqv1 d1yi2v1 d1yijv1 d1yitv1#
    1       1 T     1 T     1 T     1 T     1 T     1 T                     1 T     1 T     1 T           |                *        |    3.000
    2                                                                                               1 T   |              *          |    2.740
    3       2 V     2 V     2 V     2 V     2 V     2 V     1 M             2 V     2 V     2 V     2 V   |          *              |    1.900
    4       3 L     3 L     3 L     3 L     3 L     3 L             1 M     3 L     3 L     3 L     3 L   |         *               |    1.678
    5       4 H     4 H     4 H     4 H     4 H     4 H     2 K     2 K     4 H     4 H     4 H     4 H   |        *                |    1.582
    6                                                               3 A                                   |           *             |    2.058
    7       5 V     5 V     5 V     5 V     5 V     5 V     3 A             5 V     5 V     5 V     5 V   |      *                  |    1.261
    8       6 Q     6 Q     6 Q     6 Q     6 Q     6 Q     4 K     4 K     6 Q     6 Q     6 Q     6 Q   |        *                |    1.594
    9       7 E     7 E     7 E     7 E     7 E     7 E     5 E     5 E     7 E     7 E     7 E     7 E   |         *               |    1.738
   10       8 I     8 I     8 I     8 I     8 I     8 I     6 L     6 L     8 I     8 I     8 I     8 I   |      *                  |    1.206
   11       9 R     9 R     9 R     9 R     9 R     9 R     7 R     7 R     9 R     9 R     9 R     9 R   |       *                 |    1.460
   12      10 D    10 D    10 D    10 D    10 D    10 D     8 E            10 D    10 D    10 D    10 D   |              *          |    2.634
   13      11 M    11 M    11 M    11 M    11 M    11 M             8 E    11 M    11 M    11 M    11 M   |        *                |    1.595
   14      12 T    12 T    12 T    12 T    12 T    12 T     9 K     9 K    12 T    12 T    12 T    12 T   |       *                 |    1.338
   15                                                              10 S                                   |           *             |    2.058
   16      13 P    13 P    13 P    13 P    13 P    13 P                    13 P    13 P    13 P    13 P   |     *                   |    1.092
   17      14 A    14 A    14 A    14 A    14 A    14 A    10 S            14 A    14 A    14 A    14 A   |      *                  |    1.143
   18                                                      11 V    11 V                                   |            *            |    2.404
   19                                                      12 E    12 E                                   |          *              |    1.996
   20      15 E    15 E    15 E    15 E    15 E    15 E    13 E    13 E    15 E    15 E    15 E    15 E   |      *                  |    1.183
   21      16 R    16 R    16 R    16 R    16 R    16 R    14 L    14 L    16 R    16 R    16 R    16 R   |       *                 |    1.371
   22      17 E    17 E    17 E    17 E    17 E    17 E    15 N    15 N    17 E    17 E    17 E    17 E   |        *                |    1.594
   23      18 A    18 A    18 A    18 A    18 A    18 A    16 T    16 T    18 A    18 A    18 A    18 A   |       *                 |    1.398
   24      19 E    19 E    19 E    19 E    19 E    19 E    17 E    17 E    19 E    19 E    19 E    19 E   |      *                  |    1.274
   25      20 L    20 L    20 L    20 L    20 L    20 L    18 L    18 L    20 L    20 L    20 L    20 L   |      *                  |    1.167
   26                                                      19 L    19 L                                   |              *          |    2.646
   27      21 D    21 D    21 D    21 D    21 D    21 D    20 N            21 D    21 D    21 D    21 D   |          *              |    1.958
   28      22 D    22 D    22 D    22 D    22 D    22 D    21 L            22 D    22 D    22 D    22 D   |      *                  |    1.290
   29      23 L    23 L    23 L    23 L    23 L    23 L    22 L            23 L    23 L    23 L    23 L   |     *                   |    0.981
   30      24 K    24 K    24 K    24 K    24 K    24 K    23 R            24 K    24 K    24 K    24 K   |     *                   |    1.081
   31      25 T    25 T    25 T    25 T    25 T    25 T    24 E            25 T    25 T    25 T    25 T   |      *                  |    1.227
   32                                                              20 N                                   |             *           |    2.480
   33      26 E    26 E    26 E    26 E    26 E    26 E    25 Q    21 L    26 E    26 E    26 E    26 E   |       *                 |    1.461
   34      27 L    27 L    27 L    27 L    27 L    27 L            22 L    27 L    27 L    27 L    27 L   |      *                  |    1.206
   35      28 L    28 L    28 L    28 L    28 L    28 L    26 F    23 R    28 L    28 L    28 L    28 L   |      *                  |    1.205
   36      29 N    29 N    29 N    29 N    29 N    29 N    27 N    24 E    29 N    29 N    29 N    29 N   |      *                  |    1.135
   37      30 A    30 A    30 A    30 A    30 A    30 A    28 L    25 Q    30 A    30 A    30 A    30 A   |      *                  |    1.299
   38      31 R    31 R    31 R    31 R    31 R    31 R    29 R    26 F    31 R    31 R    31 R    31 R   |     *                   |    1.092
   39      32 A    32 A    32 A    32 A    32 A    32 A    30 M    27 N    32 A    32 A    32 A    32 A   |       *                 |    1.394
   40      33 V    33 V    33 V    33 V    33 V    33 V            28 L    33 V    33 V    33 V    33 V   |       *                 |    1.402
   41      34 Q    34 Q    34 Q    34 Q    34 Q    34 Q            29 R    34 Q    34 Q    34 Q    34 Q   |       *                 |    1.426
   42      35 A    35 A    35 A    35 A    35 A    35 A                    35 A    35 A    35 A    35 A   |       *                 |    1.391
   43      36 A    36 A    36 A    36 A    36 A    36 A                    36 A    36 A    36 A    36 A   |      *                  |    1.225
   44                                                                                                     |         *               |    1.743
   45      37 G    37 G    37 G    37 G    37 G    37 G                    37 G    37 G    37 G    37 G   |      *                  |    1.213
   46                                                      31 Q    30 M                                   |          *              |    1.961
   47                                                      32 A    31 Q                                   |       *                 |    1.446
   48                                                      33 A    32 A                                   |       *                 |    1.439
   49                                                      34 S    33 A                                   |       *                 |    1.391
   50      38 G    38 G    38 G    38 G    38 G    38 G    35 G    34 S    38 G    38 G    38 G    38 G   |     *                   |    1.057
   51      39 A    39 A    39 A    39 A    39 A    39 A            35 G    39 A    39 A    39 A    39 A   |        *                |    1.527
   52      40 P    40 P    40 P    40 P    40 P    40 P            36 Q    40 P    40 P    40 P    40 P   |      *                  |    1.168
   53      41 E    41 E    41 E    41 E    41 E    41 E    36 Q            41 E    41 E    41 E    41 E   |       *                 |    1.324
   54                                                      37 L                                           |          *              |    1.880
   55                                                      38 Q                                           |       *                 |    1.422
   56                                                      39 Q    37 L                                   |        *                |    1.494
   57                                                      40 S    38 Q                                   |        *                |    1.489
   58      42 N    42 N    42 N    42 N    42 N    42 N    41 H    39 Q    42 N    42 N    42 N    42 N   |      *                  |    1.202
   59                                                              40 S                                   |          *              |    1.934
   60                                                              41 H                                   |       *                 |    1.436
   61                                                              42 L                                   |       *                 |    1.363
   62                                                              43 L                                   |       *                 |    1.366
   63      43 P    43 P    43 P    43 P    43 P    43 P                    43 P    43 P    43 P    43 P   |             *           |    2.423
   64      44 G    44 G    44 G    44 G    44 G    44 G                    44 G    44 G    44 G    44 G   |       *                 |    1.432
   65      45 R    45 R    45 R    45 R    45 R    45 R    42 L            45 R    45 R    45 R    45 R   |         *               |    1.751
   66      46 I    46 I    46 I    46 I    46 I    46 I    43 L            46 I    46 I    46 I    46 I   |       *                 |    1.303
   67      47 K    47 K    47 K    47 K    47 K    47 K    44 K    44 K    47 K    47 K    47 K    47 K   |      *                  |    1.206
   68      48 E    48 E    48 E    48 E    48 E    48 E    45 Q    45 Q    48 E    48 E    48 E    48 E   |        *                |    1.556
   69      49 L    49 L    49 L    49 L    49 L    49 L    46 V    46 V    49 L    49 L    49 L    49 L   |      *                  |    1.290
   70      50 R    50 R    50 R    50 R    50 R    50 R    47 R    47 R    50 R    50 R    50 R    50 R   |     *                   |    1.087
   71      51 K    51 K    51 K    51 K    51 K    51 K    48 R    48 R    51 K    51 K    51 K    51 K   |     *                   |    0.994
   72      52 A    52 A    52 A    52 A    52 A    52 A    49 D    49 D    52 A    52 A    52 A    52 A   |      *                  |    1.185
   73      53 I    53 I    53 I    53 I    53 I    53 I    50 V    50 V    53 I    53 I    53 I    53 I   |    *                    |    0.852
   74      54 A    54 A    54 A    54 A    54 A    54 A    51 A    51 A    54 A    54 A    54 A    54 A   |    *                    |    0.842
   75      55 R    55 R    55 R    55 R    55 R    55 R    52 R    52 R    55 R    55 R    55 R    55 R   |     *                   |    0.938
   76      56 I    56 I    56 I    56 I    56 I    56 I    53 V    53 V    56 I    56 I    56 I    56 I   |    *                    |    0.805
   77      57 K    57 K    57 K    57 K    57 K    57 K    54 K    54 K    57 K    57 K    57 K    57 K   |      *                  |    1.128
   78      58 T    58 T    58 T    58 T    58 T    58 T    55 T    55 T    58 T    58 T    58 T    58 T   |     *                   |    0.979
   79      59 I    59 I    59 I    59 I    59 I    59 I    56 L    56 L    59 I    59 I    59 I    59 I   |     *                   |    0.948
   80      60 Q    60 Q    60 Q    60 Q    60 Q    60 Q    57 L    57 L    60 Q    60 Q    60 Q    60 Q   |       *                 |    1.363
   81      61 G    61 G    61 G    61 G    61 G    61 G    58 N    58 N    61 G    61 G    61 G    61 G   |        *                |    1.528
   82      62 E    62 E    62 E    62 E    62 E    62 E    59 E    59 E    62 E    62 E    62 E    62 E   |      *                  |    1.180
   83      63 E    63 E    63 E    63 E    63 E    63 E    60 K    60 K    63 E    63 E    63 E    63 E   |                   *     |    3.531
   84      64 G    64 G    64 G    64 G    64 G    64 G    61 A            64 G    64 G    64 G    64 G   |        *                |    1.619
   85      65 D    65 D    65 D    65 D    65 D    65 D                    65 D    65 D    65 D    65 D   |            *            |    2.249
   86                                                      62 G    61 A                                   |      *                  |    1.196
   87                                                      63 A    62 G                                   |      *                  |    1.200
   88                                                              63 A                                   |      *                  |    1.131
   89                                                                                                     |      *                  |    1.126
   90                                                                                                     |     *                   |    1.096
   91                                                                                                     |     *                   |    1.070
   92                                                                                                     |     *                   |    1.078
   93                                                                                                     |     *                   |    1.080
   94                                                                                                     |     *                   |    1.080
   95                                                                                                     |     *                   |    1.054
   96                                                                                                     |     *                   |    1.055
   97                                                                                                     |     *                   |    1.052
   98                                                                                                     |     *                   |    1.056
   99                                                                                                     |     *                   |    1.049
  100                                                                                                     |     *                   |    1.048
  101                                                                                                     |     *                   |    1.060
  102                                                                                                     |     *                   |    1.059
  103                                                                                                     |     *                   |    1.044
  104                                                                                                     |     *                   |    1.053
  105                                                                                                     |     *                   |    1.028
  106                                                                                                     |     *                   |    1.019
  107                                                                                                     |     *                   |    1.019
  108                                                                                                     |                *        |    3.000
#2
#3

#1
          d1yj9v1 d1yjnv1 d1yjwv1 d1yl3w1 d2aw4x1 d2awbx1 d2b6621 d2b9n21 d2b9p21 d2gyaw1 d2gycw1 d2i2ty1#
    1                                                                                                     |                *        |    3.000
    2       1 T     1 T     1 T     1 T                     1 T     1 T     1 T                           |              *          |    2.740
    3       2 V     2 V     2 V     2 V     1 M             2 V     2 V     2 V                           |          *              |    1.900
    4       3 L     3 L     3 L     3 L             1 M     3 L     3 L     3 L     1 M     1 M           |         *               |    1.678
    5       4 H     4 H     4 H     4 H     2 K     2 K     4 H     4 H     4 H     2 K     2 K           |        *                |    1.582
    6                                       3 A     3 A                                             1 M   |           *             |    2.058
    7       5 V     5 V     5 V     5 V                     5 V     5 V     5 V     3 A     3 A     2 K   |      *                  |    1.261
    8       6 Q     6 Q     6 Q     6 Q     4 K     4 K     6 Q     6 Q     6 Q     4 K     4 K     3 A   |        *                |    1.594
    9       7 E     7 E     7 E     7 E     5 E     5 E     7 E     7 E     7 E     5 E     5 E     4 K   |         *               |    1.738
   10       8 I     8 I     8 I     8 I     6 L     6 L     8 I     8 I     8 I     6 L     6 L     5 E   |      *                  |    1.206
   11       9 R     9 R     9 R     9 R     7 R     7 R     9 R     9 R     9 R     7 R     7 R     6 L   |       *                 |    1.460
   12      10 D    10 D    10 D    10 D     8 E            10 D    10 D    10 D     8 E     8 E     7 R   |              *          |    2.634
   13      11 M    11 M    11 M    11 M             8 E    11 M    11 M    11 M     9 K     9 K     8 E   |        *                |    1.595
   14      12 T    12 T    12 T    12 T     9 K     9 K    12 T    12 T    12 T    10 S    10 S     9 K   |       *                 |    1.338
   15                                      10 S    10 S                                                   |           *             |    2.058
   16      13 P    13 P    13 P    13 P                    13 P    13 P    13 P    11 V    11 V    10 S   |     *                   |    1.092
   17      14 A    14 A    14 A    14 A                    14 A    14 A    14 A    12 E    12 E           |      *                  |    1.143
   18                                      11 V    11 V                                                   |            *            |    2.404
   19                                      12 E    12 E                                            11 V   |          *              |    1.996
   20      15 E    15 E    15 E    15 E    13 E    13 E    15 E    15 E    15 E    13 E    13 E    12 E   |      *                  |    1.183
   21      16 R    16 R    16 R    16 R    14 L    14 L    16 R    16 R    16 R    14 L    14 L    13 E   |       *                 |    1.371
   22      17 E    17 E    17 E    17 E    15 N    15 N    17 E    17 E    17 E    15 N    15 N    14 L   |        *                |    1.594
   23      18 A    18 A    18 A    18 A    16 T    16 T    18 A    18 A    18 A    16 T    16 T    15 N   |       *                 |    1.398
   24      19 E    19 E    19 E    19 E    17 E    17 E    19 E    19 E    19 E    17 E    17 E    16 T   |      *                  |    1.274
   25      20 L    20 L    20 L    20 L    18 L    18 L    20 L    20 L    20 L    18 L    18 L    17 E   |      *                  |    1.167
   26                                      19 L    19 L                                                   |              *          |    2.646
   27      21 D    21 D    21 D    21 D    20 N            21 D    21 D    21 D    19 L    19 L    18 L   |          *              |    1.958
   28      22 D    22 D    22 D    22 D    21 L            22 D    22 D    22 D    20 N    20 N    19 L   |      *                  |    1.290
   29      23 L    23 L    23 L    23 L    22 L            23 L    23 L    23 L    21 L    21 L    20 N   |     *                   |    0.981
   30      24 K    24 K    24 K    24 K    23 R            24 K    24 K    24 K    22 L    22 L    21 L   |     *                   |    1.081
   31      25 T    25 T    25 T    25 T    24 E            25 T    25 T    25 T    23 R    23 R    22 L   |      *                  |    1.227
   32                                              20 N                                            23 R   |             *           |    2.480
   33      26 E    26 E    26 E    26 E    25 Q    21 L    26 E    26 E    26 E    24 E    24 E    24 E   |       *                 |    1.461
   34      27 L    27 L    27 L    27 L            22 L    27 L    27 L    27 L    25 Q    25 Q    25 Q   |      *                  |    1.206
   35      28 L    28 L    28 L    28 L    26 F    23 R    28 L    28 L    28 L    26 F    26 F    26 F   |      *                  |    1.205
   36      29 N    29 N    29 N    29 N    27 N    24 E    29 N    29 N    29 N    27 N    27 N    27 N   |      *                  |    1.135
   37      30 A    30 A    30 A    30 A    28 L    25 Q    30 A    30 A    30 A    28 L    28 L    28 L   |      *                  |    1.299
   38      31 R    31 R    31 R    31 R    29 R    26 F    31 R    31 R    31 R    29 R    29 R    29 R   |     *                   |    1.092
   39      32 A    32 A    32 A            30 M    27 N                                                   |       *                 |    1.394
   40      33 V    33 V    33 V    33 V            28 L    33 V    33 V    33 V    30 M    30 M    30 M   |       *                 |    1.402
   41      34 Q    34 Q    34 Q    34 Q            29 R    34 Q    34 Q    34 Q    31 Q    31 Q    31 Q   |       *                 |    1.426
   42      35 A    35 A    35 A    35 A                    35 A    35 A    35 A    32 A    32 A    32 A   |       *                 |    1.391
   43      36 A    36 A    36 A    36 A                    36 A    36 A    36 A    33 A    33 A    33 A   |      *                  |    1.225
   44                              37 G    31 Q            37 G    37 G    37 G                    34 S   |         *               |    1.743
   45      37 G    37 G    37 G    38 G                    38 G    38 G    38 G                           |      *                  |    1.213
   46                              39 A            30 M    39 A    39 A    39 A                           |          *              |    1.961
   47                              40 P            31 Q    40 P    40 P    40 P                           |       *                 |    1.446
   48                              41 E            32 A    41 E    41 E    41 E                           |       *                 |    1.439
   49                                      32 A    33 A                            34 S    34 S           |       *                 |    1.391
   50      38 G    38 G    38 G                    34 S                            35 G    35 G           |     *                   |    1.057
   51      39 A    39 A    39 A                    35 G                            36 Q    36 Q           |        *                |    1.527
   52      40 P    40 P    40 P                    36 Q                                                   |      *                  |    1.168
   53      41 E    41 E    41 E            33 A                                                           |       *                 |    1.324
   54                                      34 S                                                           |          *              |    1.880
   55                                      35 G                                                    35 G   |       *                 |    1.422
   56                                      36 Q    37 L                                            36 Q   |        *                |    1.494
   57                                      37 L    38 Q                                            37 L   |        *                |    1.489
   58      42 N    42 N    42 N    42 N            39 Q    42 N    42 N    42 N                    38 Q   |      *                  |    1.202
   59                              43 P    38 Q    40 S    43 P    43 P    43 P                    39 Q   |          *              |    1.934
   60                                      39 Q    41 H                            37 L    37 L    40 S   |       *                 |    1.436
   61                                      40 S    42 L                            38 Q    38 Q           |       *                 |    1.363
   62                                      41 H    43 L                            39 Q    39 Q           |       *                 |    1.366
   63      43 P    43 P    43 P                                                    40 S    40 S           |             *           |    2.423
   64      44 G    44 G    44 G    44 G                    44 G    44 G    44 G    41 H    41 H    41 H   |       *                 |    1.432
   65      45 R    45 R    45 R    45 R    42 L            45 R    45 R    45 R    42 L    42 L    42 L   |         *               |    1.751
   66      46 I    46 I    46 I    46 I    43 L            46 I    46 I    46 I    43 L    43 L    43 L   |       *                 |    1.303
   67      47 K    47 K    47 K    47 K    44 K    44 K    47 K    47 K    47 K    44 K    44 K    44 K   |      *                  |    1.206
   68      48 E    48 E    48 E    48 E    45 Q    45 Q    48 E    48 E    48 E    45 Q    45 Q    45 Q   |        *                |    1.556
   69      49 L    49 L    49 L    49 L    46 V    46 V    49 L    49 L    49 L    46 V    46 V    46 V   |      *                  |    1.290
   70      50 R    50 R    50 R    50 R    47 R    47 R    50 R    50 R    50 R    47 R    47 R    47 R   |     *                   |    1.087
   71      51 K    51 K    51 K    51 K    48 R    48 R    51 K    51 K    51 K    48 R    48 R    48 R   |     *                   |    0.994
   72      52 A    52 A    52 A    52 A    49 D    49 D    52 A    52 A    52 A    49 D    49 D    49 D   |      *                  |    1.185
   73      53 I    53 I    53 I    53 I    50 V    50 V    53 I    53 I    53 I    50 V    50 V    50 V   |    *                    |    0.852
   74      54 A    54 A    54 A    54 A    51 A    51 A    54 A    54 A    54 A    51 A    51 A    51 A   |    *                    |    0.842
   75      55 R    55 R    55 R    55 R    52 R    52 R    55 R    55 R    55 R    52 R    52 R    52 R   |     *                   |    0.938
   76      56 I    56 I    56 I    56 I    53 V    53 V    56 I    56 I    56 I    53 V    53 V    53 V   |    *                    |    0.805
   77      57 K    57 K    57 K    57 K    54 K    54 K    57 K    57 K    57 K    54 K    54 K    54 K   |      *                  |    1.128
   78      58 T    58 T    58 T    58 T    55 T    55 T    58 T    58 T    58 T    55 T    55 T    55 T   |     *                   |    0.979
   79      59 I    59 I    59 I    59 I    56 L    56 L    59 I    59 I    59 I    56 L    56 L    56 L   |     *                   |    0.948
   80      60 Q    60 Q    60 Q    60 Q    57 L    57 L    60 Q    60 Q    60 Q    57 L    57 L    57 L   |       *                 |    1.363
   81      61 G    61 G    61 G    61 G    58 N    58 N    61 G    61 G    61 G    58 N    58 N    58 N   |        *                |    1.528
   82      62 E    62 E    62 E    62 E    59 E    59 E    62 E    62 E    62 E    59 E    59 E           |      *                  |    1.180
   83      63 E    63 E    63 E    63 E    60 K    60 K    63 E    63 E    63 E    60 K    60 K           |                   *     |    3.531
   84      64 G    64 G    64 G    64 G                    64 G    64 G    64 G                           |        *                |    1.619
   85      65 D    65 D                                                                                   |            *            |    2.249
   86                                      61 A    61 A                                            59 E   |      *                  |    1.196
   87                                              62 G                                            60 K   |      *                  |    1.200
   88                                                                                              61 A   |      *                  |    1.131
   89                      65 D                                                                    62 G   |      *                  |    1.126
   90                              65 D    62 G                                                           |     *                   |    1.096
   91                                      63 A                                                           |     *                   |    1.070
   92                                              63 A                                                   |     *                   |    1.078
   93                                                      65 D                                           |     *                   |    1.080
   94                                                              65 D                                   |     *                   |    1.080
   95                                                                                                     |     *                   |    1.054
   96                                                                                                     |     *                   |    1.055
   97                                                                                                     |     *                   |    1.052
   98                                                                                                     |     *                   |    1.056
   99                                                                                                     |     *                   |    1.049
  100                                                                                                     |     *                   |    1.048
  101                                                                      65 D                           |     *                   |    1.060
  102                                                                                              63 A   |     *                   |    1.059
  103                                                                                                     |     *                   |    1.044
  104                                                                                                     |     *                   |    1.053
  105                                                                                                     |     *                   |    1.028
  106                                                                                                     |     *                   |    1.019
  107                                                                                                     |     *                   |    1.019
  108                                                                                                     |                *        |    3.000
#2
#3

#1
          d2i2vy1 d2j0121 d2j0321 d2j28x1 d2otjv1 d2otlv1#
    1                                                     |                *        |    3.000
    2              12 E    12 E             1 T     1 T   |              *          |    2.740
    3                                       2 V     2 V   |          *              |    1.900
    4                               1 M     3 L     3 L   |         *               |    1.678
    5                               2 K     4 H     4 H   |        *                |    1.582
    6       1 M                     3 A                   |           *             |    2.058
    7       2 K                             5 V     5 V   |      *                  |    1.261
    8       3 A                     4 K     6 Q     6 Q   |        *                |    1.594
    9       4 K                     5 E     7 E     7 E   |         *               |    1.738
   10       5 E                     6 L     8 I     8 I   |      *                  |    1.206
   11       6 L                     7 R     9 R     9 R   |       *                 |    1.460
   12       7 R                            10 D    10 D   |              *          |    2.634
   13       8 E                     8 E    11 M    11 M   |        *                |    1.595
   14       9 K                     9 K    12 T    12 T   |       *                 |    1.338
   15                              10 S                   |           *             |    2.058
   16      10 S                            13 P    13 P   |     *                   |    1.092
   17                                      14 A    14 A   |      *                  |    1.143
   18                      13 A    11 V                   |            *            |    2.404
   19      11 V    13 A    14 R    12 E                   |          *              |    1.996
   20      12 E            15 K    13 E    15 E    15 E   |      *                  |    1.183
   21      13 E    14 R            14 L    16 R    16 R   |       *                 |    1.371
   22      14 L    15 K    16 L    15 N    17 E    17 E   |        *                |    1.594
   23      15 N    16 L    17 S    16 T    18 A    18 A   |       *                 |    1.398
   24      16 T    17 S    18 P    17 E    19 E    19 E   |      *                  |    1.274
   25      17 E    18 P    19 V    18 L    20 L    20 L   |      *                  |    1.167
   26                              19 L                   |              *          |    2.646
   27      18 L    19 V                    21 D    21 D   |          *              |    1.958
   28      19 L    20 E    20 E            22 D    22 D   |      *                  |    1.290
   29      20 N    21 L    21 L            23 L    23 L   |     *                   |    0.981
   30      21 L    22 E    22 E            24 K    24 K   |     *                   |    1.081
   31      22 L    23 K    23 K            25 T    25 T   |      *                  |    1.227
   32      23 R                    20 N                   |             *           |    2.480
   33      24 E    24 L    24 L    21 L    26 E    26 E   |       *                 |    1.461
   34      25 Q    25 V    25 V    22 L    27 L    27 L   |      *                  |    1.206
   35      26 F    26 R    26 R    23 R    28 L    28 L   |      *                  |    1.205
   36      27 N    27 E    27 E    24 E    29 N    29 N   |      *                  |    1.135
   37      28 L    28 K    28 K    25 Q    30 A    30 A   |      *                  |    1.299
   38      29 R    29 K    29 K    26 F    31 R    31 R   |     *                   |    1.092
   39              30 R    30 R    27 N    32 A    32 A   |       *                 |    1.394
   40      30 M                    28 L    33 V    33 V   |       *                 |    1.402
   41      31 Q    31 E    31 E    29 R    34 Q    34 Q   |       *                 |    1.426
   42      32 A                            35 A    35 A   |       *                 |    1.391
   43      33 A                            36 A    36 A   |      *                  |    1.225
   44      34 S    32 L    32 L                           |         *               |    1.743
   45                                      37 G    37 G   |      *                  |    1.213
   46              33 M    33 M    30 M                   |          *              |    1.961
   47              34 E    34 E    31 Q                   |       *                 |    1.446
   48              35 L    35 L    32 A                   |       *                 |    1.439
   49                              33 A                   |       *                 |    1.391
   50                              34 S    38 G    38 G   |     *                   |    1.057
   51                              35 G    39 A    39 A   |        *                |    1.527
   52                              36 Q    40 P    40 P   |      *                  |    1.168
   53              36 R                    41 E    41 E   |       *                 |    1.324
   54              37 F                                   |          *              |    1.880
   55      35 G    38 Q                                   |       *                 |    1.422
   56      36 Q            36 R    37 L                   |        *                |    1.494
   57      37 L            37 F    38 Q                   |        *                |    1.489
   58      38 Q            38 Q    39 Q    42 N    42 N   |      *                  |    1.202
   59      39 Q            39 A    40 S                   |          *              |    1.934
   60      40 S    39 A    40 S    41 H                   |       *                 |    1.436
   61              40 S            42 L                   |       *                 |    1.363
   62              41 I            43 L                   |       *                 |    1.366
   63                                      43 P    43 P   |             *           |    2.423
   64      41 H                            44 G    44 G   |       *                 |    1.432
   65      42 L                            45 R    45 R   |         *               |    1.751
   66      43 L                            46 I    46 I   |       *                 |    1.303
   67      44 K                    44 K    47 K    47 K   |      *                  |    1.206
   68      45 Q                    45 Q    48 E    48 E   |        *                |    1.556
   69      46 V                    46 V    49 L    49 L   |      *                  |    1.290
   70      47 R                    47 R    50 R    50 R   |     *                   |    1.087
   71      48 R                    48 R    51 K    51 K   |     *                   |    0.994
   72      49 D                    49 D    52 A    52 A   |      *                  |    1.185
   73      50 V            41 I    50 V    53 I    53 I   |    *                    |    0.852
   74      51 A            42 G    51 A    54 A    54 A   |    *                    |    0.842
   75      52 R                    52 R    55 R    55 R   |     *                   |    0.938
   76      53 V                    53 V    56 I    56 I   |    *                    |    0.805
   77      54 K                    54 K    57 K    57 K   |      *                  |    1.128
   78      55 T            43 Q    55 T    58 T    58 T   |     *                   |    0.979
   79      56 L            44 L    56 L    59 I    59 I   |     *                   |    0.948
   80      57 L                    57 L    60 Q    60 Q   |       *                 |    1.363
   81      58 N                    58 N    61 G    61 G   |        *                |    1.528
   82                              59 E    62 E    62 E   |      *                  |    1.180
   83                              60 K    63 E    63 E   |                   *     |    3.531
   84              42 G                    64 G    64 G   |        *                |    1.619
   85              43 Q                                   |            *            |    2.249
   86      59 E    44 L            61 A                   |      *                  |    1.196
   87      60 K    45 S    45 S    62 G                   |      *                  |    1.200
   88      61 A    46 Q    46 Q                           |      *                  |    1.131
   89      62 G    47 N    47 N                           |      *                  |    1.126
   90              48 H    48 H                           |     *                   |    1.096
   91              49 K    49 K                           |     *                   |    1.070
   92              50 I    50 I                           |     *                   |    1.078
   93              51 R    51 R                           |     *                   |    1.080
   94              52 D    52 D                           |     *                   |    1.080
   95              53 L    53 L                           |     *                   |    1.054
   96              54 K    54 K                           |     *                   |    1.055
   97              55 R    55 R                           |     *                   |    1.052
   98              56 Q    56 Q                           |     *                   |    1.056
   99              57 I    57 I                           |     *                   |    1.049
  100              58 A    58 A                           |     *                   |    1.048
  101              59 R    59 R                           |     *                   |    1.060
  102              60 L    60 L                           |     *                   |    1.059
  103      63 A    61 L                                   |     *                   |    1.044
  104              62 T    61 L                           |     *                   |    1.053
  105                      62 T                           |     *                   |    1.028
  106                              63 A                   |     *                   |    1.019
  107                                      65 D           |     *                   |    1.019
  108                                              65 D   |                *        |    3.000
#2
