This file contains any messages produced by compilers while
running configure, to aid debugging if configure makes a mistake.

It was created by configure, which was
generated by GNU Autoconf 2.61.  Invocation command line was

  $ ./configure --no-create --no-recursion

## --------- ##
## Platform. ##
## --------- ##

hostname = spunky
uname -m = x86_64
uname -r = 2.6.22.17-0.1-default
uname -s = Linux
uname -v = #1 SMP 2008/02/10 20:01:04 UTC

/usr/bin/uname -p = unknown
/bin/uname -X     = unknown

/bin/arch              = x86_64
/usr/bin/arch -k       = unknown
/usr/convex/getsysinfo = unknown
/usr/bin/hostinfo      = unknown
/bin/machine           = unknown
/usr/bin/oslevel       = unknown
/bin/universe          = unknown

PATH: /home/semin/bin
PATH: /usr/local/bin
PATH: /usr/bin
PATH: /bin
PATH: /usr/bin/X11
PATH: /usr/X11R6/bin
PATH: /usr/games
PATH: /opt/kde3/bin
PATH: /usr/lib64/jvm/jre/bin
PATH: /usr/lib/mit/bin
PATH: /usr/lib/mit/sbin
PATH: /usr/lib/qt3/bin
PATH: /BiO/Install/Baton/data
PATH: /BiO/Install/Baton/bin
PATH: /BiO/Install/hbplus
PATH: /bin
PATH: /bin
PATH: /BiO/Install/dssp
PATH: /BiO/Install/naccess
PATH: /BiO/Install/joy/
PATH: /BiO/Install/Baton/data
PATH: /BiO/Install/Baton/bin
PATH: /BiO/Install/hbplus
PATH: /bin
PATH: /bin
PATH: /BiO/Install/dssp
PATH: /BiO/Install/naccess
PATH: /BiO/Install/joy/
PATH: /BiO/Install/Baton/data
PATH: /BiO/Install/Baton/bin
PATH: /BiO/Install/hbplus
PATH: /bin
PATH: /bin
PATH: /BiO/Install/dssp
PATH: /BiO/Install/naccess
PATH: /BiO/Install/joy/


## ----------- ##
## Core tests. ##
## ----------- ##

configure:1720: checking for a BSD-compatible install
configure:1776: result: /usr/bin/install -c
configure:1787: checking whether build environment is sane
configure:1830: result: yes
configure:1854: WARNING: `missing' script is too old or missing
configure:1858: checking for a thread-safe mkdir -p
configure:1897: result: /bin/mkdir -p
configure:1910: checking for gawk
configure:1926: found /usr/bin/gawk
configure:1937: result: gawk
configure:1948: checking whether make sets $(MAKE)
configure:1969: result: yes
configure:2205: checking for gcc
configure:2221: found /usr/bin/gcc
configure:2232: result: gcc
configure:2470: checking for C compiler version
configure:2477: gcc --version >&5
gcc (GCC) 4.2.1 (SUSE Linux)
Copyright (C) 2007 Free Software Foundation, Inc.
This is free software; see the source for copying conditions.  There is NO
warranty; not even for MERCHANTABILITY or FITNESS FOR A PARTICULAR PURPOSE.

configure:2480: $? = 0
configure:2487: gcc -v >&5
Using built-in specs.
Target: x86_64-suse-linux
Configured with: ../configure --enable-threads=posix --prefix=/usr --with-local-prefix=/usr/local --infodir=/usr/share/info --mandir=/usr/share/man --libdir=/usr/lib64 --libexecdir=/usr/lib64 --enable-languages=c,c++,objc,fortran,obj-c++,java,ada --enable-checking=release --with-gxx-include-dir=/usr/include/c++/4.2.1 --enable-ssp --disable-libssp --disable-libgcj --with-slibdir=/lib64 --with-system-zlib --enable-shared --enable-__cxa_atexit --enable-libstdcxx-allocator=new --disable-libstdcxx-pch --program-suffix=-4.2 --enable-version-specific-runtime-libs --without-system-libunwind --with-cpu=generic --host=x86_64-suse-linux
Thread model: posix
gcc version 4.2.1 (SUSE Linux)
configure:2490: $? = 0
configure:2497: gcc -V >&5
gcc: '-V' option must have argument
configure:2500: $? = 1
configure:2523: checking for C compiler default output file name
configure:2550: gcc    conftest.c  >&5
configure:2553: $? = 0
configure:2591: result: a.out
configure:2608: checking whether the C compiler works
configure:2618: ./a.out
configure:2621: $? = 0
configure:2638: result: yes
configure:2645: checking whether we are cross compiling
configure:2647: result: no
configure:2650: checking for suffix of executables
configure:2657: gcc -o conftest    conftest.c  >&5
configure:2660: $? = 0
configure:2684: result: 
configure:2690: checking for suffix of object files
configure:2716: gcc -c   conftest.c >&5
configure:2719: $? = 0
configure:2742: result: o
configure:2746: checking whether we are using the GNU C compiler
configure:2775: gcc -c   conftest.c >&5
configure:2781: $? = 0
configure:2798: result: yes
configure:2803: checking whether gcc accepts -g
configure:2833: gcc -c -g  conftest.c >&5
configure:2839: $? = 0
configure:2938: result: yes
configure:2955: checking for gcc option to accept ISO C89
configure:3029: gcc  -c -g -O2  conftest.c >&5
configure:3035: $? = 0
configure:3058: result: none needed
configure:3087: checking for style of include used by make
configure:3115: result: GNU
configure:3140: checking dependency style of gcc
configure:3231: result: gcc3
configure:3289: checking for ranlib
configure:3305: found /usr/bin/ranlib
configure:3316: result: ranlib
configure:3355: checking for a BSD-compatible install
configure:3411: result: /usr/bin/install -c
configure:3568: creating ./config.status

## ---------------- ##
## Cache variables. ##
## ---------------- ##

ac_cv_c_compiler_gnu=yes
ac_cv_env_CC_set=
ac_cv_env_CC_value=
ac_cv_env_CFLAGS_set=
ac_cv_env_CFLAGS_value=
ac_cv_env_CPPFLAGS_set=
ac_cv_env_CPPFLAGS_value=
ac_cv_env_LDFLAGS_set=
ac_cv_env_LDFLAGS_value=
ac_cv_env_LIBS_set=
ac_cv_env_LIBS_value=
ac_cv_env_build_alias_set=
ac_cv_env_build_alias_value=
ac_cv_env_host_alias_set=
ac_cv_env_host_alias_value=
ac_cv_env_target_alias_set=
ac_cv_env_target_alias_value=
ac_cv_objext=o
ac_cv_path_install='/usr/bin/install -c'
ac_cv_path_mkdir=/bin/mkdir
ac_cv_prog_AWK=gawk
ac_cv_prog_ac_ct_CC=gcc
ac_cv_prog_ac_ct_RANLIB=ranlib
ac_cv_prog_cc_c89=
ac_cv_prog_cc_g=yes
ac_cv_prog_make_make_set=yes
am_cv_CC_dependencies_compiler_type=gcc3

## ----------------- ##
## Output variables. ##
## ----------------- ##

ACLOCAL='aclocal-1.10'
AMDEPBACKSLASH='\'
AMDEP_FALSE='#'
AMDEP_TRUE=''
AMTAR='tar'
AUTOCONF='autoconf'
AUTOHEADER='autoheader'
AUTOMAKE='automake-1.10'
AWK='gawk'
CC='gcc'
CCDEPMODE='depmode=gcc3'
CFLAGS='-g -O2'
CPPFLAGS=''
CYGPATH_W='echo'
DEFS='-DPACKAGE_NAME=\"\" -DPACKAGE_TARNAME=\"\" -DPACKAGE_VERSION=\"\" -DPACKAGE_STRING=\"\" -DPACKAGE_BUGREPORT=\"\" -DPACKAGE=\"joy\" -DVERSION=\"5.10\"'
DEPDIR='.deps'
ECHO_C=''
ECHO_N='-n'
ECHO_T=''
EXEEXT=''
INSTALL_DATA='${INSTALL} -m 644'
INSTALL_PROGRAM='${INSTALL}'
INSTALL_SCRIPT='${INSTALL}'
INSTALL_STRIP_PROGRAM='$(install_sh) -c -s'
LDFLAGS=''
LIBOBJS=''
LIBS=''
LTLIBOBJS=''
MAKEINFO='makeinfo'
OBJEXT='o'
PACKAGE='joy'
PACKAGE_BUGREPORT=''
PACKAGE_NAME=''
PACKAGE_STRING=''
PACKAGE_TARNAME=''
PACKAGE_VERSION=''
PATH_SEPARATOR=':'
RANLIB='ranlib'
SET_MAKE=''
SHELL='/bin/sh'
STRIP=''
VERSION='5.10'
ac_ct_CC='gcc'
am__fastdepCC_FALSE='#'
am__fastdepCC_TRUE=''
am__include='include'
am__isrc=''
am__leading_dot='.'
am__quote=''
am__tar='${AMTAR} chof - "$$tardir"'
am__untar='${AMTAR} xf -'
bindir='${exec_prefix}/bin'
build_alias=''
datadir='${datarootdir}'
datarootdir='${prefix}/share'
docdir='${datarootdir}/doc/${PACKAGE}'
dvidir='${docdir}'
exec_prefix='${prefix}'
host_alias=''
htmldir='${docdir}'
includedir='${prefix}/include'
infodir='${datarootdir}/info'
install_sh='$(SHELL) /home/semin/bipa/bin/joy/install-sh'
libdir='${exec_prefix}/lib'
libexecdir='${exec_prefix}/libexec'
localedir='${datarootdir}/locale'
localstatedir='${prefix}/var'
mandir='${datarootdir}/man'
mkdir_p='/bin/mkdir -p'
oldincludedir='/usr/include'
pdfdir='${docdir}'
prefix='/usr/local'
program_transform_name='s,x,x,'
psdir='${docdir}'
sbindir='${exec_prefix}/sbin'
sharedstatedir='${prefix}/com'
sysconfdir='${prefix}/etc'
target_alias=''

## ----------- ##
## confdefs.h. ##
## ----------- ##

#define PACKAGE_NAME ""
#define PACKAGE_TARNAME ""
#define PACKAGE_VERSION ""
#define PACKAGE_STRING ""
#define PACKAGE_BUGREPORT ""
#define PACKAGE "joy"
#define VERSION "5.10"

configure: exit 0

## ---------------------- ##
## Running config.status. ##
## ---------------------- ##

This file was extended by config.status, which was
generated by GNU Autoconf 2.61.  Invocation command line was

  CONFIG_FILES    = 
  CONFIG_HEADERS  = 
  CONFIG_LINKS    = 
  CONFIG_COMMANDS = 
  $ ./config.status 

on spunky

config.status:620: creating Makefile
config.status:620: creating psa/Makefile
config.status:620: creating alimap/Makefile
config.status:620: creating typeset/Makefile
config.status:620: creating wyg/Makefile
config.status:811: executing depfiles commands
